Performing C++ SOURCE FILE Test COMPILER_SUPPORTS_AVX512 failed with the following output:
Change Dir: /home/jetson/robot_ws/build/nav2_mppi_controller/CMakeFiles/CMakeTmp

Run Build Command(s):/usr/bin/gmake -f Makefile cmTC_67024/fast && /usr/bin/gmake  -f CMakeFiles/cmTC_67024.dir/build.make CMakeFiles/cmTC_67024.dir/build
gmake[1]: Entering directory '/home/jetson/robot_ws/build/nav2_mppi_controller/CMakeFiles/CMakeTmp'
Building CXX object CMakeFiles/cmTC_67024.dir/src.cxx.o
/usr/bin/c++ -DCOMPILER_SUPPORTS_AVX512  -mno-avx512f -o CMakeFiles/cmTC_67024.dir/src.cxx.o -c /home/jetson/robot_ws/build/nav2_mppi_controller/CMakeFiles/CMakeTmp/src.cxx
c++: error: unrecognized command-line option '-mno-avx512f'
gmake[1]: *** [CMakeFiles/cmTC_67024.dir/build.make:78: CMakeFiles/cmTC_67024.dir/src.cxx.o] Error 1
gmake[1]: Leaving directory '/home/jetson/robot_ws/build/nav2_mppi_controller/CMakeFiles/CMakeTmp'
gmake: *** [Makefile:127: cmTC_67024/fast] Error 2


Source file was:
int main() { return 0; }
Performing C++ SOURCE FILE Test COMPILER_SUPPORTS_SSE4 failed with the following output:
Change Dir: /home/jetson/robot_ws/build/nav2_mppi_controller/CMakeFiles/CMakeTmp

Run Build Command(s):/usr/bin/gmake -f Makefile cmTC_b6211/fast && /usr/bin/gmake  -f CMakeFiles/cmTC_b6211.dir/build.make CMakeFiles/cmTC_b6211.dir/build
gmake[1]: Entering directory '/home/jetson/robot_ws/build/nav2_mppi_controller/CMakeFiles/CMakeTmp'
Building CXX object CMakeFiles/cmTC_b6211.dir/src.cxx.o
/usr/bin/c++ -DCOMPILER_SUPPORTS_SSE4  -msse4.2 -o CMakeFiles/cmTC_b6211.dir/src.cxx.o -c /home/jetson/robot_ws/build/nav2_mppi_controller/CMakeFiles/CMakeTmp/src.cxx
c++: error: unrecognized command-line option '-msse4.2'
gmake[1]: *** [CMakeFiles/cmTC_b6211.dir/build.make:78: CMakeFiles/cmTC_b6211.dir/src.cxx.o] Error 1
gmake[1]: Leaving directory '/home/jetson/robot_ws/build/nav2_mppi_controller/CMakeFiles/CMakeTmp'
gmake: *** [Makefile:127: cmTC_b6211/fast] Error 2


Source file was:
int main() { return 0; }
Performing C++ SOURCE FILE Test COMPILER_SUPPORTS_AVX2 failed with the following output:
Change Dir: /home/jetson/robot_ws/build/nav2_mppi_controller/CMakeFiles/CMakeTmp

Run Build Command(s):/usr/bin/gmake -f Makefile cmTC_aef8f/fast && /usr/bin/gmake  -f CMakeFiles/cmTC_aef8f.dir/build.make CMakeFiles/cmTC_aef8f.dir/build
gmake[1]: Entering directory '/home/jetson/robot_ws/build/nav2_mppi_controller/CMakeFiles/CMakeTmp'
Building CXX object CMakeFiles/cmTC_aef8f.dir/src.cxx.o
/usr/bin/c++ -DCOMPILER_SUPPORTS_AVX2  -mavx2 -o CMakeFiles/cmTC_aef8f.dir/src.cxx.o -c /home/jetson/robot_ws/build/nav2_mppi_controller/CMakeFiles/CMakeTmp/src.cxx
c++: error: unrecognized command-line option '-mavx2'
gmake[1]: *** [CMakeFiles/cmTC_aef8f.dir/build.make:78: CMakeFiles/cmTC_aef8f.dir/src.cxx.o] Error 1
gmake[1]: Leaving directory '/home/jetson/robot_ws/build/nav2_mppi_controller/CMakeFiles/CMakeTmp'
gmake: *** [Makefile:127: cmTC_aef8f/fast] Error 2


Source file was:
int main() { return 0; }
Performing C++ SOURCE FILE Test COMPILER_SUPPORTS_FMA failed with the following output:
Change Dir: /home/jetson/robot_ws/build/nav2_mppi_controller/CMakeFiles/CMakeTmp

Run Build Command(s):/usr/bin/gmake -f Makefile cmTC_060a5/fast && /usr/bin/gmake  -f CMakeFiles/cmTC_060a5.dir/build.make CMakeFiles/cmTC_060a5.dir/build
gmake[1]: Entering directory '/home/jetson/robot_ws/build/nav2_mppi_controller/CMakeFiles/CMakeTmp'
Building CXX object CMakeFiles/cmTC_060a5.dir/src.cxx.o
/usr/bin/c++ -DCOMPILER_SUPPORTS_FMA  -mfma -o CMakeFiles/cmTC_060a5.dir/src.cxx.o -c /home/jetson/robot_ws/build/nav2_mppi_controller/CMakeFiles/CMakeTmp/src.cxx
c++: error: unrecognized command-line option '-mfma'
gmake[1]: *** [CMakeFiles/cmTC_060a5.dir/build.make:78: CMakeFiles/cmTC_060a5.dir/src.cxx.o] Error 1
gmake[1]: Leaving directory '/home/jetson/robot_ws/build/nav2_mppi_controller/CMakeFiles/CMakeTmp'
gmake: *** [Makefile:127: cmTC_060a5/fast] Error 2


Source file was:
int main() { return 0; }
